<?xml version="1.0" encoding="UTF-8"?>
<testsuite xmlns:xsi="http://www.w3.org/2001/XMLSchema-instance" xsi:noNamespaceSchemaLocation="https://maven.apache.org/surefire/maven-surefire-plugin/xsd/surefire-test-report-3.0.xsd" version="3.0" name="com.skyblockexp.eztax.integration.TaxIntegrationTest" time="0.336" tests="2" errors="0" skipped="0" failures="0">
  <properties>
[...]
</properties>
  <testcase name="transactionTax_isApplied_and_statsRecorded" classname="com.skyblockexp.eztax.integration.TaxIntegrationTest" time="0.251">
    <system-err><![CDATA[[06:58:59 WARNING]: bStats Metrics failed to initialize: bStats Metrics class has not been relocated correctly! — continuing without metrics.
[06:58:59 INFO]: Using YML storage for stats: stats.yml
[06:58:59 WARNING]: Vault or Vault economy provider not found. Falling back to internal economy.
[06:58:59 INFO]: Using internal EzTax economy provider: EzTax-Internal
[06:58:59 INFO]: No Vault permission provider found. Group-based taxes will not be available.
[06:58:59 INFO]: EzTax registered an economy wrapper for transaction taxes.
[06:58:59 INFO]: Recording tax: TRANSACTION amount=1.0
]]></system-err>
  </testcase>
  <testcase name="wealthTax_appliesUsingConfigBrackets_and_statsRecorded" classname="com.skyblockexp.eztax.integration.TaxIntegrationTest" time="0.081">
    <system-err><![CDATA[[06:58:59 WARNING]: bStats Metrics failed to initialize: bStats Metrics class has not been relocated correctly! — continuing without metrics.
[06:58:59 INFO]: Using YML storage for stats: stats.yml
[06:58:59 WARNING]: Vault or Vault economy provider not found. Falling back to internal economy.
[06:58:59 INFO]: Using internal EzTax economy provider: EzTax-Internal
[06:58:59 INFO]: No Vault permission provider found. Group-based taxes will not be available.
[06:58:59 INFO]: EzTax registered an economy wrapper for transaction taxes.
[06:58:59 INFO]: EzTax unregistered its Vault economy wrapper.
[06:58:59 WARNING]: bStats Metrics failed to initialize: bStats Metrics class has not been relocated correctly! — continuing without metrics.
[06:58:59 INFO]: Using YML storage for stats: stats.yml
[06:58:59 WARNING]: Vault or Vault economy provider not found. Falling back to internal economy.
[06:58:59 INFO]: Using internal EzTax economy provider: EzTax-Internal
[06:58:59 INFO]: No Vault permission provider found. Group-based taxes will not be available.
[06:58:59 INFO]: EzTax registered an economy wrapper for transaction taxes.
[06:58:59 INFO]: Wealth tax enabled=true threshold=100.0 percent=10.0
[06:58:59 INFO]: Wealth brackets count=1
[06:58:59 INFO]: Player wealthplayer balance=300.00 threshold=100.00
[06:58:59 INFO]: Applying wealth tax to wealthplayer: tax=10.00, balance=300.00
[06:58:59 INFO]: Attempting withdraw for wealthplayer: amount=10.00 balance=300.00
[06:58:59 INFO]: Recording tax: TRANSACTION amount=1.0
[06:58:59 INFO]: Withdraw response for wealthplayer: success=true, balance=289.00, msg=null
[06:58:59 INFO]: Recording sink WEALTH amount=10.00
[06:58:59 INFO]: Recording tax: WEALTH amount=10.0
]]></system-err>
  </testcase>
</testsuite>